#
# There is insufficient memory for the Java Runtime Environment to continue.
# Native memory allocation (malloc) failed to allocate 1166016 bytes for Chunk::new
# Possible reasons:
#   The system is out of physical RAM or swap space
#   In 32 bit mode, the process size limit was hit
# Possible solutions:
#   Reduce memory load on the system
#   Increase physical memory or swap space
#   Check if swap backing store is full
#   Use 64 bit Java on a 64 bit OS
#   Decrease Java heap size (-Xmx/-Xms)
#   Decrease number of Java threads
#   Decrease Java thread stack sizes (-Xss)
#   Set larger code cache with -XX:ReservedCodeCacheSize=
# This output file may be truncated or incomplete.
#
#  Out of Memory Error (allocation.cpp:390), pid=12336, tid=0x0000000000003dfc
#
# JRE version: Java(TM) SE Runtime Environment (8.0_152-b16) (build 1.8.0_152-b16)
# Java VM: Java HotSpot(TM) 64-Bit Server VM (25.152-b16 mixed mode windows-amd64 compressed oops)
# Failed to write core dump. Minidumps are not enabled by default on client versions of Windows
#

---------------  T H R E A D  ---------------

Current thread (0x0000000018e50000):  JavaThread "C2 CompilerThread2" daemon [_thread_in_native, id=15868, stack(0x0000000019820000,0x0000000019920000)]

Stack: [0x0000000019820000,0x0000000019920000]
[error occurred during error reporting (printing stack bounds), id 0xc0000005]

Native frames: (J=compiled Java code, j=interpreted, Vv=VM code, C=native code)


Current CompileTask:
C2:   4592 1438   !   4       java.net.URLClassLoader$1::run (63 bytes)


---------------  P R O C E S S  ---------------

Java Threads: ( => current thread )
  0x000000001abbe800 JavaThread "Cache worker for file hash cache (C:\Development\Projects\Tasks\.gradle\4.5.1\fileHashes)" [_thread_blocked, id=15704, stack(0x000000001da50000,0x000000001db50000)]
  0x000000001abc0800 JavaThread "File lock request listener" [_thread_in_native, id=2968, stack(0x000000001c980000,0x000000001ca80000)]
  0x000000001abbd800 JavaThread "Cache worker for file hash cache (C:\Users\rundna\.gradle\caches\4.5.1\fileHashes)" [_thread_blocked, id=13192, stack(0x000000001c680000,0x000000001c780000)]
  0x000000001add0000 JavaThread "Stdin handler" [_thread_blocked, id=4316, stack(0x000000001c580000,0x000000001c680000)]
  0x000000001aee8000 JavaThread "Asynchronous log dispatcher for DefaultDaemonConnection: socket connection from /127.0.0.1:52860 to /127.0.0.1:52861" [_thread_blocked, id=16312, stack(0x000000001c380000,0x000000001c480000)]
  0x000000001ade8800 JavaThread "Daemon worker" [_thread_in_vm, id=12428, stack(0x000000001c280000,0x000000001c380000)]
  0x000000001ade7000 JavaThread "Cancel handler" [_thread_blocked, id=252, stack(0x000000001c180000,0x000000001c280000)]
  0x000000001aee1800 JavaThread "Handler for socket connection from /127.0.0.1:52860 to /127.0.0.1:52861" [_thread_in_native, id=16012, stack(0x000000001be80000,0x000000001bf80000)]
  0x0000000019ca8000 JavaThread "Daemon" [_thread_blocked, id=4132, stack(0x000000001bd80000,0x000000001be80000)]
  0x0000000019ca2800 JavaThread "Daemon periodic checks" [_thread_blocked, id=15244, stack(0x000000001bc80000,0x000000001bd80000)]
  0x000000001ae13800 JavaThread "Incoming local TCP Connector on port 52860" [_thread_in_native, id=10972, stack(0x000000001ba30000,0x000000001bb30000)]
  0x000000001ae26800 JavaThread "Daemon health stats" [_thread_blocked, id=9520, stack(0x000000001b3f0000,0x000000001b4f0000)]
  0x0000000018ede000 JavaThread "Service Thread" daemon [_thread_blocked, id=10932, stack(0x0000000019a20000,0x0000000019b20000)]
  0x0000000018e53800 JavaThread "C1 CompilerThread3" daemon [_thread_blocked, id=13752, stack(0x0000000019920000,0x0000000019a20000)]
=>0x0000000018e50000 JavaThread "C2 CompilerThread2" daemon [_thread_in_native, id=15868, stack(0x0000000019820000,0x0000000019920000)]
  0x0000000018e4e000 JavaThread "C2 CompilerThread1" daemon [_thread_in_native, id=16176, stack(0x0000000019720000,0x0000000019820000)]
  0x0000000018e4a800 JavaThread "C2 CompilerThread0" daemon [_thread_in_native, id=16016, stack(0x0000000019620000,0x0000000019720000)]
  0x0000000018e49000 JavaThread "Attach Listener" daemon [_thread_blocked, id=12580, stack(0x0000000019520000,0x0000000019620000)]
  0x0000000018e48000 JavaThread "Signal Dispatcher" daemon [_thread_blocked, id=10496, stack(0x0000000019420000,0x0000000019520000)]
  0x0000000018e40800 JavaThread "Finalizer" daemon [_thread_blocked, id=14868, stack(0x0000000019220000,0x0000000019320000)]
  0x0000000016f4d800 JavaThread "Reference Handler" daemon [_thread_blocked, id=7876, stack(0x0000000018d20000,0x0000000018e20000)]
  0x000000000421d800 JavaThread "main" [_thread_blocked, id=14488, stack(0x0000000004230000,0x0000000004330000)]

Other Threads:
  0x0000000016f49800 VMThread [stack: 0x0000000018c20000,0x0000000018d20000] [id=12944]
  0x0000000018f0c800 WatcherThread [stack: 0x0000000019b20000,0x0000000019c20000] [id=14520]

VM state:not at safepoint (normal execution)

VM Mutex/Monitor currently owned by a thread: None

Heap:
 PSYoungGen      total 38400K, used 31078K [0x00000000eab00000, 0x00000000ed580000, 0x0000000100000000)
  eden space 33280K, 78% used [0x00000000eab00000,0x00000000ec45cb20,0x00000000ecb80000)
  from space 5120K, 99% used [0x00000000ecb80000,0x00000000ed07ce00,0x00000000ed080000)
  to   space 5120K, 0% used [0x00000000ed080000,0x00000000ed080000,0x00000000ed580000)
 ParOldGen       total 87552K, used 2189K [0x00000000c0000000, 0x00000000c5580000, 0x00000000eab00000)
  object space 87552K, 2% used [0x00000000c0000000,0x00000000c0223798,0x00000000c5580000)
 Metaspace       used 16430K, capacity 16754K, committed 16896K, reserved 1062912K
  class space    used 2416K, capacity 2535K, committed 2560K, reserved 1048576K

Card table byte_map: [0x00000000137f0000,0x0000000013a00000] byte_map_base: 0x00000000131f0000

Marking Bits: (ParMarkBitMap*) 0x000000006ad30860
 Begin Bits: [0x0000000014360000, 0x0000000015360000)
 End Bits:   [0x0000000015360000, 0x0000000016360000)

Polling page: 0x0000000002830000

CodeCache: size=245760Kb used=5158Kb max_used=5166Kb free=240601Kb
 bounds [0x0000000004430000, 0x0000000004940000, 0x0000000013430000]
 total_blobs=1858 nmethods=1482 adapters=288
 compilation: enabled

Compilation events (10 events):
Event: 4.549 Thread 0x0000000018e53800 1470       3       org.objectweb.asm.Item::<init> (66 bytes)
Event: 4.549 Thread 0x0000000018e53800 nmethod 1470 0x000000000491fa90 code [0x000000000491fc00, 0x000000000491fe30]
Event: 4.549 Thread 0x0000000018e53800 1472       3       org.objectweb.asm.Frame::push (110 bytes)
Event: 4.550 Thread 0x0000000018e53800 nmethod 1472 0x0000000004934a90 code [0x0000000004934c20, 0x00000000049350d8]
Event: 4.550 Thread 0x0000000018e53800 1474       3       org.gradle.internal.service.DefaultServiceRegistry$OwnServices::add (66 bytes)
Event: 4.551 Thread 0x0000000018e53800 nmethod 1474 0x0000000004935290 code [0x0000000004935520, 0x00000000049366f8]
Event: 4.551 Thread 0x0000000018e53800 1475       3       org.gradle.internal.service.DefaultServiceRegistry::access$1000 (5 bytes)
Event: 4.552 Thread 0x0000000018e53800 nmethod 1475 0x000000000491f710 code [0x000000000491f880, 0x000000000491f9e8]
Event: 4.552 Thread 0x0000000018e53800 1476       3       org.gradle.internal.service.DefaultServiceRegistry$OwnServices$ProviderAnalyser::addProviderForClassHierarchy (16 bytes)
Event: 4.552 Thread 0x0000000018e53800 nmethod 1476 0x0000000004936f10 code [0x0000000004937080, 0x00000000049372d8]

GC Heap History (6 events):
Event: 1.457 GC heap before
{Heap before GC invocations=1 (full 0):
 PSYoungGen      total 38400K, used 33280K [0x00000000eab00000, 0x00000000ed580000, 0x0000000100000000)
  eden space 33280K, 100% used [0x00000000eab00000,0x00000000ecb80000,0x00000000ecb80000)
  from space 5120K, 0% used [0x00000000ed080000,0x00000000ed080000,0x00000000ed580000)
  to   space 5120K, 0% used [0x00000000ecb80000,0x00000000ecb80000,0x00000000ed080000)
 ParOldGen       total 87552K, used 0K [0x00000000c0000000, 0x00000000c5580000, 0x00000000eab00000)
  object space 87552K, 0% used [0x00000000c0000000,0x00000000c0000000,0x00000000c5580000)
 Metaspace       used 6968K, capacity 7096K, committed 7424K, reserved 1056768K
  class space    used 869K, capacity 941K, committed 1024K, reserved 1048576K
Event: 1.468 GC heap after
Heap after GC invocations=1 (full 0):
 PSYoungGen      total 38400K, used 4337K [0x00000000eab00000, 0x00000000ed580000, 0x0000000100000000)
  eden space 33280K, 0% used [0x00000000eab00000,0x00000000eab00000,0x00000000ecb80000)
  from space 5120K, 84% used [0x00000000ecb80000,0x00000000ecfbc788,0x00000000ed080000)
  to   space 5120K, 0% used [0x00000000ed080000,0x00000000ed080000,0x00000000ed580000)
 ParOldGen       total 87552K, used 8K [0x00000000c0000000, 0x00000000c5580000, 0x00000000eab00000)
  object space 87552K, 0% used [0x00000000c0000000,0x00000000c0002000,0x00000000c5580000)
 Metaspace       used 6968K, capacity 7096K, committed 7424K, reserved 1056768K
  class space    used 869K, capacity 941K, committed 1024K, reserved 1048576K
}
Event: 3.166 GC heap before
{Heap before GC invocations=2 (full 0):
 PSYoungGen      total 38400K, used 37617K [0x00000000eab00000, 0x00000000ed580000, 0x0000000100000000)
  eden space 33280K, 100% used [0x00000000eab00000,0x00000000ecb80000,0x00000000ecb80000)
  from space 5120K, 84% used [0x00000000ecb80000,0x00000000ecfbc788,0x00000000ed080000)
  to   space 5120K, 0% used [0x00000000ed080000,0x00000000ed080000,0x00000000ed580000)
 ParOldGen       total 87552K, used 8K [0x00000000c0000000, 0x00000000c5580000, 0x00000000eab00000)
  object space 87552K, 0% used [0x00000000c0000000,0x00000000c0002000,0x00000000c5580000)
 Metaspace       used 10724K, capacity 10932K, committed 11136K, reserved 1058816K
  class space    used 1442K, capacity 1554K, committed 1664K, reserved 1048576K
Event: 3.175 GC heap after
Heap after GC invocations=2 (full 0):
 PSYoungGen      total 38400K, used 5110K [0x00000000eab00000, 0x00000000ed580000, 0x0000000100000000)
  eden space 33280K, 0% used [0x00000000eab00000,0x00000000eab00000,0x00000000ecb80000)
  from space 5120K, 99% used [0x00000000ed080000,0x00000000ed57db20,0x00000000ed580000)
  to   space 5120K, 0% used [0x00000000ecb80000,0x00000000ecb80000,0x00000000ed080000)
 ParOldGen       total 87552K, used 217K [0x00000000c0000000, 0x00000000c5580000, 0x00000000eab00000)
  object space 87552K, 0% used [0x00000000c0000000,0x00000000c0036790,0x00000000c5580000)
 Metaspace       used 10724K, capacity 10932K, committed 11136K, reserved 1058816K
  class space    used 1442K, capacity 1554K, committed 1664K, reserved 1048576K
}
Event: 3.897 GC heap before
{Heap before GC invocations=3 (full 0):
 PSYoungGen      total 38400K, used 38390K [0x00000000eab00000, 0x00000000ed580000, 0x0000000100000000)
  eden space 33280K, 100% used [0x00000000eab00000,0x00000000ecb80000,0x00000000ecb80000)
  from space 5120K, 99% used [0x00000000ed080000,0x00000000ed57db20,0x00000000ed580000)
  to   space 5120K, 0% used [0x00000000ecb80000,0x00000000ecb80000,0x00000000ed080000)
 ParOldGen       total 87552K, used 217K [0x00000000c0000000, 0x00000000c5580000, 0x00000000eab00000)
  object space 87552K, 0% used [0x00000000c0000000,0x00000000c0036790,0x00000000c5580000)
 Metaspace       used 14070K, capacity 14386K, committed 14464K, reserved 1060864K
  class space    used 2020K, capacity 2151K, committed 2176K, reserved 1048576K
Event: 3.907 GC heap after
Heap after GC invocations=3 (full 0):
 PSYoungGen      total 38400K, used 5107K [0x00000000eab00000, 0x00000000ed580000, 0x0000000100000000)
  eden space 33280K, 0% used [0x00000000eab00000,0x00000000eab00000,0x00000000ecb80000)
  from space 5120K, 99% used [0x00000000ecb80000,0x00000000ed07ce00,0x00000000ed080000)
  to   space 5120K, 0% used [0x00000000ed080000,0x00000000ed080000,0x00000000ed580000)
 ParOldGen       total 87552K, used 2189K [0x00000000c0000000, 0x00000000c5580000, 0x00000000eab00000)
  object space 87552K, 2% used [0x00000000c0000000,0x00000000c0223798,0x00000000c5580000)
 Metaspace       used 14070K, capacity 14386K, committed 14464K, reserved 1060864K
  class space    used 2020K, capacity 2151K, committed 2176K, reserved 1048576K
}

Deoptimization events (10 events):
Event: 2.441 Thread 0x000000000421d800 Uncommon trap: reason=unstable_if action=reinterpret pc=0x0000000004714318 method=java.io.WinNTFileSystem.normalize(Ljava/lang/String;)Ljava/lang/String; @ 128
Event: 2.441 Thread 0x000000000421d800 Uncommon trap: reason=unstable_if action=reinterpret pc=0x0000000004778424 method=java.io.WinNTFileSystem.normalize(Ljava/lang/String;II)Ljava/lang/String; @ 90
Event: 3.357 Thread 0x000000001aee1800 Uncommon trap: reason=unstable_if action=reinterpret pc=0x0000000004846628 method=java.util.concurrent.ConcurrentHashMap.putVal(Ljava/lang/Object;Ljava/lang/Object;Z)Ljava/lang/Object; @ 206
Event: 3.470 Thread 0x000000001ade8800 Uncommon trap: reason=bimorphic action=maybe_recompile pc=0x000000000478d654 method=java.util.HashMap.putVal(ILjava/lang/Object;Ljava/lang/Object;ZZ)Ljava/lang/Object; @ 253
Event: 3.470 Thread 0x000000001ade8800 Uncommon trap: reason=bimorphic action=maybe_recompile pc=0x000000000478d654 method=java.util.HashMap.putVal(ILjava/lang/Object;Ljava/lang/Object;ZZ)Ljava/lang/Object; @ 253
Event: 3.471 Thread 0x000000001ade8800 Uncommon trap: reason=bimorphic action=maybe_recompile pc=0x0000000004790520 method=java.util.HashMap.putVal(ILjava/lang/Object;Ljava/lang/Object;ZZ)Ljava/lang/Object; @ 253
Event: 3.772 Thread 0x000000001ade8800 Uncommon trap: reason=class_check action=maybe_recompile pc=0x00000000046f6384 method=java.util.regex.Matcher.match(II)Z @ 86
Event: 3.772 Thread 0x000000001ade8800 Uncommon trap: reason=class_check action=maybe_recompile pc=0x00000000046f6384 method=java.util.regex.Matcher.match(II)Z @ 86
Event: 3.866 Thread 0x000000001ade8800 Uncommon trap: reason=class_check action=maybe_recompile pc=0x00000000046bef9c method=java.util.regex.Matcher.match(II)Z @ 86
Event: 4.160 Thread 0x000000001ade8800 Uncommon trap: reason=unstable_if action=reinterpret pc=0x00000000046c32c8 method=java.io.WinNTFileSystem.resolve(Ljava/lang/String;Ljava/lang/String;)Ljava/lang/String; @ 117

Classes redefined (0 events):
No events

Internal exceptions (10 events):
Event: 3.365 Thread 0x000000001aee1800 Exception <a 'java/lang/NoSuchMethodError': <clinit>> (0x00000000eae817a8) thrown at [C:\re\workspace\8-2-build-windows-amd64-cygwin\jdk8u152\9742\hotspot\src\share\vm\prims\jni.cpp, line 1613]
Event: 3.372 Thread 0x000000001aee1800 Exception <a 'java/lang/NoSuchMethodError': <clinit>> (0x00000000eaea30d0) thrown at [C:\re\workspace\8-2-build-windows-amd64-cygwin\jdk8u152\9742\hotspot\src\share\vm\prims\jni.cpp, line 1613]
Event: 3.387 Thread 0x000000001aee1800 Exception <a 'java/lang/NoSuchMethodError': <clinit>> (0x00000000eaf0c5f8) thrown at [C:\re\workspace\8-2-build-windows-amd64-cygwin\jdk8u152\9742\hotspot\src\share\vm\prims\jni.cpp, line 1613]
Event: 3.396 Thread 0x000000001aee1800 Exception <a 'java/lang/NoSuchMethodError': <clinit>> (0x00000000eaf3c768) thrown at [C:\re\workspace\8-2-build-windows-amd64-cygwin\jdk8u152\9742\hotspot\src\share\vm\prims\jni.cpp, line 1613]
Event: 3.407 Thread 0x000000001aee1800 Exception <a 'java/lang/NoSuchMethodError': <clinit>> (0x00000000eaf72810) thrown at [C:\re\workspace\8-2-build-windows-amd64-cygwin\jdk8u152\9742\hotspot\src\share\vm\prims\jni.cpp, line 1613]
Event: 3.409 Thread 0x000000001aee1800 Exception <a 'java/lang/NoSuchMethodError': <clinit>> (0x00000000eaf7db40) thrown at [C:\re\workspace\8-2-build-windows-amd64-cygwin\jdk8u152\9742\hotspot\src\share\vm\prims\jni.cpp, line 1613]
Event: 3.412 Thread 0x000000001aee1800 Exception <a 'java/lang/NoSuchMethodError': <clinit>> (0x00000000eaf8bc50) thrown at [C:\re\workspace\8-2-build-windows-amd64-cygwin\jdk8u152\9742\hotspot\src\share\vm\prims\jni.cpp, line 1613]
Event: 3.422 Thread 0x000000001aee1800 Exception <a 'java/lang/NoSuchMethodError': <clinit>> (0x00000000eafb0568) thrown at [C:\re\workspace\8-2-build-windows-amd64-cygwin\jdk8u152\9742\hotspot\src\share\vm\prims\jni.cpp, line 1613]
Event: 3.450 Thread 0x000000001ade8800 Exception <a 'java/lang/NoSuchMethodError': <clinit>> (0x00000000eb075fa8) thrown at [C:\re\workspace\8-2-build-windows-amd64-cygwin\jdk8u152\9742\hotspot\src\share\vm\prims\jni.cpp, line 1613]
Event: 3.451 Thread 0x000000001ade8800 Exception <a 'java/lang/NoSuchMethodError': <clinit>> (0x00000000eb07e230) thrown at [C:\re\workspace\8-2-build-windows-amd64-cygwin\jdk8u152\9742\hotspot\src\share\vm\prims\jni.cpp, line 1613]

Events (10 events):
Event: 4.553 loading class org/gradle/api/internal/tasks/TaskExecuter
Event: 4.553 loading class org/gradle/api/internal/tasks/TaskExecuter done
Event: 4.553 loading class org/gradle/api/internal/tasks/execution/OutputDirectoryCreatingTaskExecuter
Event: 4.553 loading class org/gradle/api/internal/tasks/execution/OutputDirectoryCreatingTaskExecuter done
Event: 4.553 loading class org/gradle/api/internal/tasks/execution/SkipCachedTaskExecuter
Event: 4.554 loading class org/gradle/api/internal/tasks/execution/SkipCachedTaskExecuter done
Event: 4.554 loading class org/gradle/api/internal/tasks/execution/ResolveTaskOutputCachingStateExecuter
Event: 4.554 loading class org/gradle/api/internal/tasks/execution/ResolveTaskOutputCachingStateExecuter done
Event: 4.555 loading class org/gradle/api/internal/tasks/execution/ResolveBuildCacheKeyExecuter
Event: 4.555 loading class org/gradle/api/internal/tasks/execution/ResolveBuildCacheKeyExecuter done


Dynamic libraries:
0x00007ff74db10000 - 0x00007ff74db47000 	C:\Java\jdk1.8.0_152\bin\java.exe
0x00007ffb8abb0000 - 0x00007ffb8ad90000 	C:\WINDOWS\SYSTEM32\ntdll.dll
0x00007ffb5c340000 - 0x00007ffb5c374000 	C:\Program Files\AVAST Software\Avast\x64\aswhooka.dll
0x00007ffb8a070000 - 0x00007ffb8a11e000 	C:\WINDOWS\System32\KERNEL32.DLL
0x00007ffb87030000 - 0x00007ffb87296000 	C:\WINDOWS\System32\KERNELBASE.dll
0x00007ffb8a330000 - 0x00007ffb8a3d1000 	C:\WINDOWS\System32\ADVAPI32.dll
0x00007ffb8a130000 - 0x00007ffb8a1cd000 	C:\WINDOWS\System32\msvcrt.dll
0x00007ffb89c10000 - 0x00007ffb89c6b000 	C:\WINDOWS\System32\sechost.dll
0x00007ffb880e0000 - 0x00007ffb881ff000 	C:\WINDOWS\System32\RPCRT4.dll
0x00007ffb8a9f0000 - 0x00007ffb8ab7f000 	C:\WINDOWS\System32\USER32.dll
0x00007ffb86fb0000 - 0x00007ffb86fd0000 	C:\WINDOWS\System32\win32u.dll
0x00007ffb88080000 - 0x00007ffb880a8000 	C:\WINDOWS\System32\GDI32.dll
0x00007ffb87d10000 - 0x00007ffb87ea3000 	C:\WINDOWS\System32\gdi32full.dll
0x00007ffb872a0000 - 0x00007ffb8733b000 	C:\WINDOWS\System32\msvcp_win.dll
0x00007ffb87f80000 - 0x00007ffb88076000 	C:\WINDOWS\System32\ucrtbase.dll
0x00007ffb73d50000 - 0x00007ffb73fb9000 	C:\WINDOWS\WinSxS\amd64_microsoft.windows.common-controls_6595b64144ccf1df_6.0.16299.371_none_15c7d1789365a290\COMCTL32.dll
0x00007ffb89900000 - 0x00007ffb89c08000 	C:\WINDOWS\System32\combase.dll
0x00007ffb87eb0000 - 0x00007ffb87f22000 	C:\WINDOWS\System32\bcryptPrimitives.dll
0x00007ffb880b0000 - 0x00007ffb880dd000 	C:\WINDOWS\System32\IMM32.DLL
0x000000006adb0000 - 0x000000006ae82000 	C:\Java\jdk1.8.0_152\jre\bin\msvcr100.dll
0x000000006a510000 - 0x000000006adb0000 	C:\Java\jdk1.8.0_152\jre\bin\server\jvm.dll
0x00007ffb882e0000 - 0x00007ffb882e8000 	C:\WINDOWS\System32\PSAPI.DLL
0x00007ffb82960000 - 0x00007ffb82969000 	C:\WINDOWS\SYSTEM32\WSOCK32.dll
0x00007ffb8a2a0000 - 0x00007ffb8a30c000 	C:\WINDOWS\System32\WS2_32.dll
0x00007ffb84710000 - 0x00007ffb84733000 	C:\WINDOWS\SYSTEM32\WINMM.dll
0x00007ffb76fc0000 - 0x00007ffb76fca000 	C:\WINDOWS\SYSTEM32\VERSION.dll
0x00007ffb84650000 - 0x00007ffb8467a000 	C:\WINDOWS\SYSTEM32\WINMMBASE.dll
0x00007ffb87f30000 - 0x00007ffb87f7a000 	C:\WINDOWS\System32\cfgmgr32.dll
0x000000006a500000 - 0x000000006a50f000 	C:\Java\jdk1.8.0_152\jre\bin\verify.dll
0x000000006a4d0000 - 0x000000006a4f9000 	C:\Java\jdk1.8.0_152\jre\bin\java.dll
0x000000006a4b0000 - 0x000000006a4c6000 	C:\Java\jdk1.8.0_152\jre\bin\zip.dll
0x00007ffb884c0000 - 0x00007ffb898f6000 	C:\WINDOWS\System32\SHELL32.dll
0x00007ffb8a3e0000 - 0x00007ffb8a486000 	C:\WINDOWS\System32\shcore.dll
0x00007ffb875c0000 - 0x00007ffb87d07000 	C:\WINDOWS\System32\windows.storage.dll
0x00007ffb88460000 - 0x00007ffb884b1000 	C:\WINDOWS\System32\shlwapi.dll
0x00007ffb86f20000 - 0x00007ffb86f31000 	C:\WINDOWS\System32\kernel.appcore.dll
0x00007ffb86f40000 - 0x00007ffb86f8c000 	C:\WINDOWS\System32\powrprof.dll
0x00007ffb86f00000 - 0x00007ffb86f1b000 	C:\WINDOWS\System32\profapi.dll
0x000000006a370000 - 0x000000006a38a000 	C:\Java\jdk1.8.0_152\jre\bin\net.dll
0x00007ffb86790000 - 0x00007ffb867f6000 	C:\WINDOWS\system32\mswsock.dll
0x000000006a350000 - 0x000000006a361000 	C:\Java\jdk1.8.0_152\jre\bin\nio.dll
0x00007ffb84820000 - 0x00007ffb8483e000 	C:\Users\rundna\.gradle\native\25\windows-amd64\native-platform.dll
0x000000006a4a0000 - 0x000000006a4ad000 	C:\Java\jdk1.8.0_152\jre\bin\management.dll
0x00007ffb86960000 - 0x00007ffb86977000 	C:\WINDOWS\SYSTEM32\CRYPTSP.dll
0x00007ffb86390000 - 0x00007ffb863c3000 	C:\WINDOWS\system32\rsaenh.dll
0x00007ffb86a60000 - 0x00007ffb86a85000 	C:\WINDOWS\SYSTEM32\bcrypt.dll
0x00007ffb86e30000 - 0x00007ffb86e59000 	C:\WINDOWS\SYSTEM32\USERENV.dll
0x00007ffb86950000 - 0x00007ffb8695b000 	C:\WINDOWS\SYSTEM32\CRYPTBASE.dll
0x00007ffb86520000 - 0x00007ffb86559000 	C:\WINDOWS\SYSTEM32\IPHLPAPI.DLL
0x00007ffb89c70000 - 0x00007ffb89c78000 	C:\WINDOWS\System32\NSI.dll
0x00007ffb7cd90000 - 0x00007ffb7cda6000 	C:\WINDOWS\SYSTEM32\dhcpcsvc6.DLL
0x00007ffb7e690000 - 0x00007ffb7e6aa000 	C:\WINDOWS\SYSTEM32\dhcpcsvc.DLL

VM Arguments:
jvm_args: -XX:+HeapDumpOnOutOfMemoryError -Xmx1024m -Dfile.encoding=windows-1250 -Duser.country=PL -Duser.language=pl -Duser.variant 
java_command: org.gradle.launcher.daemon.bootstrap.GradleDaemon 4.5.1
java_class_path (initial): C:\Users\rundna\.gradle\wrapper\dists\gradle-4.5.1-bin\a5vbgfvpwtoqz8v2cdivxz28k\gradle-4.5.1\lib\gradle-launcher-4.5.1.jar
Launcher Type: SUN_STANDARD

Environment Variables:
JAVA_HOME=C:\Java\jdk1.8.0_152
CLASSPATH=C:\Development\Projects\Tasks\\gradle\wrapper\gradle-wrapper.jar
PATH=C:\Java\jdk1.8.0_152\bin;C:\gradle-4.4.1\bin;C:\ProgramData\Oracle\Java\javapath;C:\Program Files (x86)\NVIDIA Corporation\PhysX\Common;C:\Program Files (x86)\Intel\iCLS Client\;C:\Program Files\Intel\iCLS Client\;C:\WINDOWS\system32;C:\WINDOWS;C:\WINDOWS\System32\Wbem;C:\WINDOWS\System32\WindowsPowerShell\v1.0\;C:\Program Files\Intel\Intel(R) Management Engine Components\DAL;C:\Program Files\Intel\Intel(R) Management Engine Components\IPT;C:\Program Files (x86)\Intel\Intel(R) Management Engine Components\DAL;C:\Program Files (x86)\Intel\Intel(R) Management Engine Components\IPT;C:\Git\cmd;C:\Git\mingw64\bin;C:\Git\usr\bin;C:\Program Files (x86)\MySQL\MySQL Utilities 1.6\;C:\Users\rundna\AppData\Local\Microsoft\WindowsApps;C:\Program Files\Heroku\bin
USERNAME=rundna
OS=Windows_NT
PROCESSOR_IDENTIFIER=Intel64 Family 6 Model 60 Stepping 3, GenuineIntel



---------------  S Y S T E M  ---------------

OS: Windows 10.0 , 64 bit Build 16299 (10.0.16299.15)

CPU:total 8 (initial active 8) (4 cores per cpu, 2 threads per core) family 6 model 60 stepping 3, cmov, cx8, fxsr, mmx, sse, sse2, sse3, ssse3, sse4.1, sse4.2, popcnt, avx, avx2, aes, clmul, erms, lzcnt, ht, tsc, tscinvbit, bmi1, bmi2

Memory: 4k page, physical 8325400k(2211904k free), swap 9145624k(5116k free)

vm_info: Java HotSpot(TM) 64-Bit Server VM (25.152-b16) for windows-amd64 JRE (1.8.0_152-b16), built on Sep 14 2017 02:29:36 by "java_re" with MS VC++ 10.0 (VS2010)

time: Fri Apr 13 18:45:49 2018
elapsed time: 4 seconds (0d 0h 0m 4s)

